  [1m[36m (1.2ms)[0m  [1mCREATE TABLE "schema_migrations" ("version" varchar NOT NULL) [0m
  [1m[35m (0.4ms)[0m  select sqlite_version(*)
  [1m[36m (1.2ms)[0m  [1mCREATE UNIQUE INDEX "unique_schema_migrations" ON "schema_migrations" ("version")[0m
  [1m[35mActiveRecord::SchemaMigration Load (0.1ms)[0m  SELECT "schema_migrations".* FROM "schema_migrations"
Migrating to CreateIdeas (20151121114351)
  [1m[36m (0.1ms)[0m  [1mbegin transaction[0m
  [1m[35m (0.8ms)[0m  CREATE TABLE "ideas" ("id" INTEGER PRIMARY KEY AUTOINCREMENT NOT NULL, "name" varchar, "description" text, "picture" varchar, "created_at" datetime NOT NULL, "updated_at" datetime NOT NULL) 
  [1m[36mSQL (0.1ms)[0m  [1mINSERT INTO "schema_migrations" ("version") VALUES (?)[0m  [["version", "20151121114351"]]
  [1m[35m (0.7ms)[0m  commit transaction
  [1m[36mActiveRecord::SchemaMigration Load (0.1ms)[0m  [1mSELECT "schema_migrations".* FROM "schema_migrations"[0m


Started GET "/ideas" for ::1 at 2015-11-21 11:51:03 +0000
  [1m[36mActiveRecord::SchemaMigration Load (0.1ms)[0m  [1mSELECT "schema_migrations".* FROM "schema_migrations"[0m
Processing by IdeasController#index as HTML
  [1m[35mIdea Load (0.2ms)[0m  SELECT "ideas".* FROM "ideas"
  Rendered ideas/index.html.erb within layouts/application (3.1ms)
Completed 200 OK in 1325ms (Views: 1315.1ms | ActiveRecord: 0.3ms)


Started GET "/assets/ideas.self-e3b0c44298fc1c149afbf4c8996fb92427ae41e4649b934ca495991b7852b855.css?body=1" for ::1 at 2015-11-21 11:51:05 +0000


Started GET "/assets/scaffolds.self-62dcc354800f497cc7090b1b8271114c914ca8f18507ead247cae8006147a252.css?body=1" for ::1 at 2015-11-21 11:51:05 +0000


Started GET "/assets/application.self-e80e8f2318043e8af94dddc2adad5a4f09739a8ebb323b3ab31cd71d45fd9113.css?body=1" for ::1 at 2015-11-21 11:51:05 +0000


Started GET "/assets/jquery.self-a714331225dda820228db323939889f149aec0127aeb06255646b616ba1ca419.js?body=1" for ::1 at 2015-11-21 11:51:05 +0000


Started GET "/assets/jquery_ujs.self-d456baa54c1fa6be2ec3711f0a72ddf7a5b2f34a6b4f515f33767d6207b7d4b3.js?body=1" for ::1 at 2015-11-21 11:51:05 +0000


Started GET "/assets/ideas.self-877aef30ae1b040ab8a3aba4e3e309a11d7f2612f44dde450b5c157aa5f95c05.js?body=1" for ::1 at 2015-11-21 11:51:05 +0000


Started GET "/assets/turbolinks.self-c37727e9bd6b2735da5c311aa83fead54ed0be6cc8bd9a65309e9c5abe2cbfff.js?body=1" for ::1 at 2015-11-21 11:51:05 +0000


Started GET "/assets/application.self-3b8dabdc891efe46b9a144b400ad69e37d7e5876bdc39dee783419a69d7ca819.js?body=1" for ::1 at 2015-11-21 11:51:05 +0000


Started GET "/ideas/new" for ::1 at 2015-11-21 11:51:37 +0000
Processing by IdeasController#new as HTML
  Rendered ideas/_form.html.erb (24.3ms)
  Rendered ideas/new.html.erb within layouts/application (28.3ms)
Completed 200 OK in 65ms (Views: 58.4ms | ActiveRecord: 0.3ms)


Started GET "/ideas/new" for ::1 at 2015-11-21 11:57:27 +0000
Processing by IdeasController#new as HTML
  Rendered ideas/_form.html.erb (1.8ms)
  Rendered ideas/new.html.erb within layouts/application (3.0ms)
Completed 200 OK in 41ms (Views: 40.2ms | ActiveRecord: 0.0ms)


Started GET "/assets/application.self-ba38169836055d34d84b08e89755fbcb9abe4163b9d5fa28f25d31d5ea19a7f2.css?body=1" for ::1 at 2015-11-21 11:57:27 +0000


Started GET "/" for ::1 at 2015-11-21 12:01:42 +0000
  [1m[36mActiveRecord::SchemaMigration Load (0.1ms)[0m  [1mSELECT "schema_migrations".* FROM "schema_migrations"[0m
Processing by Rails::WelcomeController#index as HTML
  Rendered /Users/joanhealy1/.rbenv/versions/2.2.3/lib/ruby/gems/2.2.0/gems/railties-4.2.5/lib/rails/templates/rails/welcome/index.html.erb (1.3ms)
Completed 200 OK in 20ms (Views: 8.6ms | ActiveRecord: 0.0ms)


Started GET "/" for ::1 at 2015-11-21 12:01:42 +0000
Processing by Rails::WelcomeController#index as HTML
  Rendered /Users/joanhealy1/.rbenv/versions/2.2.3/lib/ruby/gems/2.2.0/gems/railties-4.2.5/lib/rails/templates/rails/welcome/index.html.erb (0.5ms)
Completed 200 OK in 3ms (Views: 2.2ms | ActiveRecord: 0.0ms)


Started GET "/ideas" for ::1 at 2015-11-21 12:01:45 +0000
Processing by IdeasController#index as HTML
  [1m[35mIdea Load (0.1ms)[0m  SELECT "ideas".* FROM "ideas"
  Rendered ideas/index.html.erb within layouts/application (1.4ms)
Completed 200 OK in 147ms (Views: 145.6ms | ActiveRecord: 0.2ms)


Started GET "/ideas/new" for ::1 at 2015-11-21 12:04:13 +0000
Processing by IdeasController#new as HTML
  Rendered ideas/_form.html.erb (19.3ms)
  Rendered ideas/new.html.erb within layouts/application (22.5ms)
Completed 200 OK in 61ms (Views: 51.5ms | ActiveRecord: 0.7ms)


Started GET "/assets/ideas.self-e3b0c44298fc1c149afbf4c8996fb92427ae41e4649b934ca495991b7852b855.css?body=1" for ::1 at 2015-11-21 12:04:13 +0000


Started GET "/assets/scaffolds.self-62dcc354800f497cc7090b1b8271114c914ca8f18507ead247cae8006147a252.css?body=1" for ::1 at 2015-11-21 12:04:13 +0000


Started GET "/assets/application.self-ba38169836055d34d84b08e89755fbcb9abe4163b9d5fa28f25d31d5ea19a7f2.css?body=1" for ::1 at 2015-11-21 12:04:13 +0000


Started GET "/assets/jquery.self-a714331225dda820228db323939889f149aec0127aeb06255646b616ba1ca419.js?body=1" for ::1 at 2015-11-21 12:04:13 +0000


Started GET "/assets/ideas.self-877aef30ae1b040ab8a3aba4e3e309a11d7f2612f44dde450b5c157aa5f95c05.js?body=1" for ::1 at 2015-11-21 12:04:13 +0000


Started GET "/assets/application.self-3b8dabdc891efe46b9a144b400ad69e37d7e5876bdc39dee783419a69d7ca819.js?body=1" for ::1 at 2015-11-21 12:04:13 +0000


Started GET "/assets/jquery_ujs.self-d456baa54c1fa6be2ec3711f0a72ddf7a5b2f34a6b4f515f33767d6207b7d4b3.js?body=1" for ::1 at 2015-11-21 12:04:13 +0000


Started GET "/assets/turbolinks.self-c37727e9bd6b2735da5c311aa83fead54ed0be6cc8bd9a65309e9c5abe2cbfff.js?body=1" for ::1 at 2015-11-21 12:04:13 +0000


Started GET "/ideas/new" for ::1 at 2015-11-21 12:05:13 +0000
Processing by IdeasController#new as HTML
  Rendered ideas/_form.html.erb (2.4ms)
  Rendered ideas/new.html.erb within layouts/application (3.2ms)
Completed 200 OK in 44ms (Views: 43.8ms | ActiveRecord: 0.0ms)


Started POST "/ideas" for ::1 at 2015-11-21 12:06:39 +0000
Processing by IdeasController#create as HTML
  Parameters: {"utf8"=>"✓", "authenticity_token"=>"98IbI3RV9q73Xo74hY/xDXcjBEjRY7hdrSHbJgOe6FX/hK+JRuKnefZ9mCThe37OBjkqiyT+1aoYmln3eUetHg==", "idea"=>{"name"=>"moon", "description"=>"*&&^", "picture"=>#<ActionDispatch::Http::UploadedFile:0x007f88c22f89b8 @tempfile=#<Tempfile:/var/folders/vw/664jp5m96fq02nyw2mvdhdh80000gp/T/RackMultipart20151121-69489-1ahvjv2.jpg>, @original_filename="moon.jpg", @content_type="image/jpeg", @headers="Content-Disposition: form-data; name=\"idea[picture]\"; filename=\"moon.jpg\"\r\nContent-Type: image/jpeg\r\n">}, "commit"=>"Create Idea"}
  [1m[36m (0.1ms)[0m  [1mbegin transaction[0m
  [1m[35mSQL (0.3ms)[0m  INSERT INTO "ideas" ("name", "description", "picture", "created_at", "updated_at") VALUES (?, ?, ?, ?, ?)  [["name", "moon"], ["description", "*&&^"], ["picture", "moon.jpg"], ["created_at", "2015-11-21 12:06:39.389426"], ["updated_at", "2015-11-21 12:06:39.389426"]]
  [1m[36m (0.6ms)[0m  [1mcommit transaction[0m
Redirected to http://localhost:3000/ideas/1
Completed 302 Found in 22ms (ActiveRecord: 1.0ms)


Started GET "/ideas/1" for ::1 at 2015-11-21 12:06:39 +0000
Processing by IdeasController#show as HTML
  Parameters: {"id"=>"1"}
  [1m[35mIdea Load (0.4ms)[0m  SELECT  "ideas".* FROM "ideas" WHERE "ideas"."id" = ? LIMIT 1  [["id", 1]]
  Rendered ideas/show.html.erb within layouts/application (1.3ms)
Completed 200 OK in 35ms (Views: 26.9ms | ActiveRecord: 0.4ms)


Started GET "/ideas/1" for ::1 at 2015-11-21 12:08:29 +0000
Processing by IdeasController#show as HTML
  Parameters: {"id"=>"1"}
  [1m[36mIdea Load (0.2ms)[0m  [1mSELECT  "ideas".* FROM "ideas" WHERE "ideas"."id" = ? LIMIT 1[0m  [["id", 1]]
  Rendered ideas/show.html.erb within layouts/application (2.0ms)
Completed 200 OK in 71ms (Views: 61.5ms | ActiveRecord: 0.7ms)


Started GET "/" for ::1 at 2015-11-21 12:08:31 +0000


Started GET "/ideas" for ::1 at 2015-11-21 12:08:31 +0000
Processing by IdeasController#index as HTML
  [1m[35mIdea Load (0.3ms)[0m  SELECT "ideas".* FROM "ideas"
  Rendered ideas/index.html.erb within layouts/application (3.4ms)
Completed 200 OK in 50ms (Views: 49.0ms | ActiveRecord: 0.3ms)


Started GET "/" for ::1 at 2015-11-21 12:08:33 +0000


Started GET "/ideas" for ::1 at 2015-11-21 12:08:33 +0000
Processing by IdeasController#index as HTML
  [1m[36mIdea Load (0.1ms)[0m  [1mSELECT "ideas".* FROM "ideas"[0m
  Rendered ideas/index.html.erb within layouts/application (1.5ms)
Completed 200 OK in 31ms (Views: 30.8ms | ActiveRecord: 0.1ms)


Started GET "/" for ::1 at 2015-11-21 12:08:38 +0000


Started GET "/ideas" for ::1 at 2015-11-21 12:08:38 +0000
Processing by IdeasController#index as HTML
  [1m[35mIdea Load (0.1ms)[0m  SELECT "ideas".* FROM "ideas"
  Rendered ideas/index.html.erb within layouts/application (1.0ms)
Completed 200 OK in 33ms (Views: 32.2ms | ActiveRecord: 0.1ms)


Started GET "/pages/info" for ::1 at 2015-11-21 12:12:02 +0000
  [1m[36mActiveRecord::SchemaMigration Load (0.1ms)[0m  [1mSELECT "schema_migrations".* FROM "schema_migrations"[0m
Processing by PagesController#info as HTML
  Rendered pages/info.html.erb within layouts/application (0.8ms)
Completed 200 OK in 251ms (Views: 244.1ms | ActiveRecord: 0.0ms)


Started GET "/assets/pages.self-e3b0c44298fc1c149afbf4c8996fb92427ae41e4649b934ca495991b7852b855.css?body=1" for ::1 at 2015-11-21 12:12:02 +0000


Started GET "/assets/pages.self-877aef30ae1b040ab8a3aba4e3e309a11d7f2612f44dde450b5c157aa5f95c05.js?body=1" for ::1 at 2015-11-21 12:12:02 +0000


Started GET "/" for ::1 at 2015-11-21 12:13:18 +0000


Started GET "/ideas" for ::1 at 2015-11-21 12:13:18 +0000
Processing by IdeasController#index as HTML
  [1m[35mIdea Load (0.2ms)[0m  SELECT "ideas".* FROM "ideas"
  Rendered ideas/index.html.erb within layouts/application (6.2ms)
Completed 200 OK in 63ms (Views: 57.0ms | ActiveRecord: 0.5ms)


Started GET "/" for ::1 at 2015-11-21 12:13:21 +0000


Started GET "/ideas" for ::1 at 2015-11-21 12:13:21 +0000
Processing by IdeasController#index as HTML
  [1m[36mIdea Load (0.1ms)[0m  [1mSELECT "ideas".* FROM "ideas"[0m
  Rendered ideas/index.html.erb within layouts/application (1.3ms)
Completed 200 OK in 50ms (Views: 44.6ms | ActiveRecord: 0.1ms)


Started GET "/ideas/1" for ::1 at 2015-11-21 12:13:23 +0000
Processing by IdeasController#show as HTML
  Parameters: {"id"=>"1"}
  [1m[35mIdea Load (0.3ms)[0m  SELECT  "ideas".* FROM "ideas" WHERE "ideas"."id" = ? LIMIT 1  [["id", 1]]
  Rendered ideas/show.html.erb within layouts/application (1.8ms)
Completed 200 OK in 48ms (Views: 40.5ms | ActiveRecord: 0.3ms)


Started GET "/pages/info" for ::1 at 2015-11-21 12:13:57 +0000
Processing by PagesController#info as HTML
  Rendered pages/info.html.erb within layouts/application (0.3ms)
Completed 200 OK in 51ms (Views: 50.5ms | ActiveRecord: 0.0ms)


Started GET "/ideas/1" for ::1 at 2015-11-21 12:15:07 +0000
Processing by IdeasController#show as HTML
  Parameters: {"id"=>"1"}
  [1m[36mIdea Load (0.1ms)[0m  [1mSELECT  "ideas".* FROM "ideas" WHERE "ideas"."id" = ? LIMIT 1[0m  [["id", 1]]
  Rendered ideas/show.html.erb within layouts/application (0.9ms)
Completed 200 OK in 48ms (Views: 47.0ms | ActiveRecord: 0.1ms)


Started GET "/ideas/1" for ::1 at 2015-11-21 12:15:07 +0000
Processing by IdeasController#show as HTML
  Parameters: {"id"=>"1"}
  [1m[35mIdea Load (0.1ms)[0m  SELECT  "ideas".* FROM "ideas" WHERE "ideas"."id" = ? LIMIT 1  [["id", 1]]
  Rendered ideas/show.html.erb within layouts/application (1.1ms)
Completed 200 OK in 40ms (Views: 38.7ms | ActiveRecord: 0.1ms)
